http: [09.06.2022 01:51:48] POST /menus 200 1.877 ms 
{
  "title": "Dinner",
  "photo": "https://picture.com/32x32",
  "isPublish": false
}

http: [09.06.2022 01:51:57] GET /menus 200 2.490 ms 
{}

http: [09.06.2022 01:52:06] DELETE /menus/346ed784-42f7-4f5e-bcfa-f29cd3cf6067 200 0.781 ms 
{}

error: Error tesing
http: [09.06.2022 01:53:36] POST /menus 200 1.913 ms 
{
  "title": "Dinner",
  "photo": "https://picture.com/32x32",
  "isPublish": false
}

http: [09.06.2022 02:03:41] GET /favicon.ico 404 2.599 ms 
{}

http: [09.06.2022 02:13:15] POST /menus 201 85.914 ms 
{
  "title": "Dinner",
  "photo": "https://picture.com/32x32",
  "is_publish": false
}

http: [09.06.2022 02:13:18] GET /menus 200 8.179 ms 
{}

